Build started 06.07.2017 17:16:25.
     1>Project "C:\Users\Black\Documents\Visual Studio 2013\Projects\1ExamenSDD\SubiectArboreBinar\SubiectArboreBinar\SubiectArboreBinar.vcxproj" on node 2 (Build target(s)).
     1>ClCompile:
         C:\Program Files (x86)\Microsoft Visual Studio 12.0\VC\bin\CL.exe /c /ZI /nologo /W3 /WX- /Od /Oy- /D WIN32 /D _DEBUG /D _CONSOLE /D _LIB /D _UNICODE /D UNICODE /Gm /EHsc /RTC1 /MDd /GS /fp:precise /Zc:wchar_t /Zc:forScope /Fo"Debug\\" /Fd"Debug\vc120.pdb" /Gd /TP /analyze- /errorReport:prompt Source.cpp
         Source.cpp
     1>c:\users\black\documents\visual studio 2013\projects\1examensdd\subiectarborebinar\subiectarborebinar\source.cpp(76): warning C4996: 'strcpy': This function or variable may be unsafe. Consider using strcpy_s instead. To disable deprecation, use _CRT_SECURE_NO_WARNINGS. See online help for details.
                 c:\program files (x86)\microsoft visual studio 12.0\vc\include\string.h(112) : see declaration of 'strcpy'
     1>c:\users\black\documents\visual studio 2013\projects\1examensdd\subiectarborebinar\subiectarborebinar\source.cpp(144): warning C4996: 'fopen': This function or variable may be unsafe. Consider using fopen_s instead. To disable deprecation, use _CRT_SECURE_NO_WARNINGS. See online help for details.
                 c:\program files (x86)\microsoft visual studio 12.0\vc\include\stdio.h(211) : see declaration of 'fopen'
     1>c:\users\black\documents\visual studio 2013\projects\1examensdd\subiectarborebinar\subiectarborebinar\source.cpp(149): warning C4996: 'strtok': This function or variable may be unsafe. Consider using strtok_s instead. To disable deprecation, use _CRT_SECURE_NO_WARNINGS. See online help for details.
                 c:\program files (x86)\microsoft visual studio 12.0\vc\include\string.h(204) : see declaration of 'strtok'
     1>c:\users\black\documents\visual studio 2013\projects\1examensdd\subiectarborebinar\subiectarborebinar\source.cpp(152): warning C4996: 'strtok': This function or variable may be unsafe. Consider using strtok_s instead. To disable deprecation, use _CRT_SECURE_NO_WARNINGS. See online help for details.
                 c:\program files (x86)\microsoft visual studio 12.0\vc\include\string.h(204) : see declaration of 'strtok'
     1>c:\users\black\documents\visual studio 2013\projects\1examensdd\subiectarborebinar\subiectarborebinar\source.cpp(154): warning C4996: 'strcpy': This function or variable may be unsafe. Consider using strcpy_s instead. To disable deprecation, use _CRT_SECURE_NO_WARNINGS. See online help for details.
                 c:\program files (x86)\microsoft visual studio 12.0\vc\include\string.h(112) : see declaration of 'strcpy'
     1>c:\users\black\documents\visual studio 2013\projects\1examensdd\subiectarborebinar\subiectarborebinar\source.cpp(156): warning C4996: 'strtok': This function or variable may be unsafe. Consider using strtok_s instead. To disable deprecation, use _CRT_SECURE_NO_WARNINGS. See online help for details.
                 c:\program files (x86)\microsoft visual studio 12.0\vc\include\string.h(204) : see declaration of 'strtok'
     1>c:\users\black\documents\visual studio 2013\projects\1examensdd\subiectarborebinar\subiectarborebinar\source.cpp(158): warning C4996: 'strcpy': This function or variable may be unsafe. Consider using strcpy_s instead. To disable deprecation, use _CRT_SECURE_NO_WARNINGS. See online help for details.
                 c:\program files (x86)\microsoft visual studio 12.0\vc\include\string.h(112) : see declaration of 'strcpy'
     1>c:\users\black\documents\visual studio 2013\projects\1examensdd\subiectarborebinar\subiectarborebinar\source.cpp(160): warning C4996: 'strtok': This function or variable may be unsafe. Consider using strtok_s instead. To disable deprecation, use _CRT_SECURE_NO_WARNINGS. See online help for details.
                 c:\program files (x86)\microsoft visual studio 12.0\vc\include\string.h(204) : see declaration of 'strtok'
     1>c:\users\black\documents\visual studio 2013\projects\1examensdd\subiectarborebinar\subiectarborebinar\source.cpp(163): warning C4996: 'strtok': This function or variable may be unsafe. Consider using strtok_s instead. To disable deprecation, use _CRT_SECURE_NO_WARNINGS. See online help for details.
                 c:\program files (x86)\microsoft visual studio 12.0\vc\include\string.h(204) : see declaration of 'strtok'
     1>c:\users\black\documents\visual studio 2013\projects\1examensdd\subiectarborebinar\subiectarborebinar\source.cpp(165): warning C4996: 'strcpy': This function or variable may be unsafe. Consider using strcpy_s instead. To disable deprecation, use _CRT_SECURE_NO_WARNINGS. See online help for details.
                 c:\program files (x86)\microsoft visual studio 12.0\vc\include\string.h(112) : see declaration of 'strcpy'
     1>c:\users\black\documents\visual studio 2013\projects\1examensdd\subiectarborebinar\subiectarborebinar\source.cpp(184): warning C4996: 'strcpy': This function or variable may be unsafe. Consider using strcpy_s instead. To disable deprecation, use _CRT_SECURE_NO_WARNINGS. See online help for details.
                 c:\program files (x86)\microsoft visual studio 12.0\vc\include\string.h(112) : see declaration of 'strcpy'
       Link:
         C:\Program Files (x86)\Microsoft Visual Studio 12.0\VC\bin\link.exe /ERRORREPORT:PROMPT /OUT:"C:\Users\Black\Documents\Visual Studio 2013\Projects\1ExamenSDD\SubiectArboreBinar\Debug\SubiectArboreBinar.exe" /INCREMENTAL /NOLOGO kernel32.lib user32.lib gdi32.lib winspool.lib comdlg32.lib advapi32.lib shell32.lib ole32.lib oleaut32.lib uuid.lib odbc32.lib odbccp32.lib /MANIFEST /MANIFESTUAC:"level='asInvoker' uiAccess='false'" /manifest:embed /DEBUG /PDB:"C:\Users\Black\Documents\Visual Studio 2013\Projects\1ExamenSDD\SubiectArboreBinar\Debug\SubiectArboreBinar.pdb" /SUBSYSTEM:CONSOLE /TLBID:1 /DYNAMICBASE /NXCOMPAT /IMPLIB:"C:\Users\Black\Documents\Visual Studio 2013\Projects\1ExamenSDD\SubiectArboreBinar\Debug\SubiectArboreBinar.lib" /MACHINE:X86 Debug\Source.obj
         SubiectArboreBinar.vcxproj -> C:\Users\Black\Documents\Visual Studio 2013\Projects\1ExamenSDD\SubiectArboreBinar\Debug\SubiectArboreBinar.exe
     1>Done Building Project "C:\Users\Black\Documents\Visual Studio 2013\Projects\1ExamenSDD\SubiectArboreBinar\SubiectArboreBinar\SubiectArboreBinar.vcxproj" (Build target(s)).

Build succeeded.

Time Elapsed 00:00:00.39
