Build started 27.05.2017 01:10:09.
     1>Project "c:\Users\Black\documents\visual studio 2013\Projects\AvionSDD\AvionSDD\AvionSDD.vcxproj" on node 2 (Build target(s)).
     1>ClCompile:
         C:\Program Files (x86)\Microsoft Visual Studio 12.0\VC\bin\CL.exe /c /ZI /nologo /W3 /WX- /Od /Oy- /D WIN32 /D _DEBUG /D _CONSOLE /D _LIB /D _UNICODE /D UNICODE /Gm /EHsc /RTC1 /MDd /GS /fp:precise /Zc:wchar_t /Zc:forScope /Fo"Debug\\" /Fd"Debug\vc120.pdb" /Gd /TP /analyze- /errorReport:prompt Source.cpp
         Source.cpp
     1>c:\users\black\documents\visual studio 2013\projects\avionsdd\avionsdd\source.cpp(45): warning C4996: 'strcpy': This function or variable may be unsafe. Consider using strcpy_s instead. To disable deprecation, use _CRT_SECURE_NO_WARNINGS. See online help for details.
                 c:\program files (x86)\microsoft visual studio 12.0\vc\include\string.h(112) : see declaration of 'strcpy'
     1>c:\users\black\documents\visual studio 2013\projects\avionsdd\avionsdd\source.cpp(93): warning C4996: 'fscanf': This function or variable may be unsafe. Consider using fscanf_s instead. To disable deprecation, use _CRT_SECURE_NO_WARNINGS. See online help for details.
                 c:\program files (x86)\microsoft visual studio 12.0\vc\include\stdio.h(230) : see declaration of 'fscanf'
     1>c:\users\black\documents\visual studio 2013\projects\avionsdd\avionsdd\source.cpp(95): warning C4996: 'fscanf': This function or variable may be unsafe. Consider using fscanf_s instead. To disable deprecation, use _CRT_SECURE_NO_WARNINGS. See online help for details.
                 c:\program files (x86)\microsoft visual studio 12.0\vc\include\stdio.h(230) : see declaration of 'fscanf'
     1>c:\users\black\documents\visual studio 2013\projects\avionsdd\avionsdd\source.cpp(97): warning C4996: 'strcpy': This function or variable may be unsafe. Consider using strcpy_s instead. To disable deprecation, use _CRT_SECURE_NO_WARNINGS. See online help for details.
                 c:\program files (x86)\microsoft visual studio 12.0\vc\include\string.h(112) : see declaration of 'strcpy'
     1>c:\users\black\documents\visual studio 2013\projects\avionsdd\avionsdd\source.cpp(98): warning C4996: 'fscanf': This function or variable may be unsafe. Consider using fscanf_s instead. To disable deprecation, use _CRT_SECURE_NO_WARNINGS. See online help for details.
                 c:\program files (x86)\microsoft visual studio 12.0\vc\include\stdio.h(230) : see declaration of 'fscanf'
     1>c:\users\black\documents\visual studio 2013\projects\avionsdd\avionsdd\source.cpp(101): warning C4996: 'fscanf': This function or variable may be unsafe. Consider using fscanf_s instead. To disable deprecation, use _CRT_SECURE_NO_WARNINGS. See online help for details.
                 c:\program files (x86)\microsoft visual studio 12.0\vc\include\stdio.h(230) : see declaration of 'fscanf'
     1>c:\users\black\documents\visual studio 2013\projects\avionsdd\avionsdd\source.cpp(207): warning C4018: '<' : signed/unsigned mismatch
     1>c:\users\black\documents\visual studio 2013\projects\avionsdd\avionsdd\source.cpp(209): warning C4018: '>' : signed/unsigned mismatch
     1>c:\users\black\documents\visual studio 2013\projects\avionsdd\avionsdd\source.cpp(222): warning C4018: '<' : signed/unsigned mismatch
     1>c:\users\black\documents\visual studio 2013\projects\avionsdd\avionsdd\source.cpp(226): warning C4018: '>' : signed/unsigned mismatch
     1>c:\users\black\documents\visual studio 2013\projects\avionsdd\avionsdd\source.cpp(275): warning C4996: 'fopen': This function or variable may be unsafe. Consider using fopen_s instead. To disable deprecation, use _CRT_SECURE_NO_WARNINGS. See online help for details.
                 c:\program files (x86)\microsoft visual studio 12.0\vc\include\stdio.h(211) : see declaration of 'fopen'
     1>c:\users\black\documents\visual studio 2013\projects\avionsdd\avionsdd\source.cpp(277): warning C4996: 'fscanf': This function or variable may be unsafe. Consider using fscanf_s instead. To disable deprecation, use _CRT_SECURE_NO_WARNINGS. See online help for details.
                 c:\program files (x86)\microsoft visual studio 12.0\vc\include\stdio.h(230) : see declaration of 'fscanf'
     1>c:\users\black\documents\visual studio 2013\projects\avionsdd\avionsdd\source.cpp(72): warning C4715: 'inserareLista' : not all control paths return a value
     1>c:\users\black\documents\visual studio 2013\projects\avionsdd\avionsdd\source.cpp(176): warning C4715: 'stergereArbore' : not all control paths return a value
     1>c:\users\black\documents\visual studio 2013\projects\avionsdd\avionsdd\source.cpp(212): warning C4715: 'returnareAvionCod' : not all control paths return a value
       Link:
         C:\Program Files (x86)\Microsoft Visual Studio 12.0\VC\bin\link.exe /ERRORREPORT:PROMPT /OUT:"c:\users\black\documents\visual studio 2013\Projects\AvionSDD\Debug\AvionSDD.exe" /INCREMENTAL /NOLOGO kernel32.lib user32.lib gdi32.lib winspool.lib comdlg32.lib advapi32.lib shell32.lib ole32.lib oleaut32.lib uuid.lib odbc32.lib odbccp32.lib /MANIFEST /MANIFESTUAC:"level='asInvoker' uiAccess='false'" /manifest:embed /DEBUG /PDB:"c:\users\black\documents\visual studio 2013\Projects\AvionSDD\Debug\AvionSDD.pdb" /SUBSYSTEM:CONSOLE /TLBID:1 /DYNAMICBASE /NXCOMPAT /IMPLIB:"c:\users\black\documents\visual studio 2013\Projects\AvionSDD\Debug\AvionSDD.lib" /MACHINE:X86 Debug\Source.obj
         AvionSDD.vcxproj -> c:\users\black\documents\visual studio 2013\Projects\AvionSDD\Debug\AvionSDD.exe
     1>Done Building Project "c:\Users\Black\documents\visual studio 2013\Projects\AvionSDD\AvionSDD\AvionSDD.vcxproj" (Build target(s)).

Build succeeded.

Time Elapsed 00:00:00.62
