Build started 25.06.2017 21:43:40.
     1>Project "C:\Users\Black\Documents\Visual Studio 2013\Projects\ExamenSDD\ListeDuble\ListeDuble\ListeDuble.vcxproj" on node 2 (Build target(s)).
     1>ClCompile:
         C:\Program Files (x86)\Microsoft Visual Studio 12.0\VC\bin\CL.exe /c /ZI /nologo /W3 /WX- /Od /Oy- /D WIN32 /D _DEBUG /D _CONSOLE /D _LIB /D _UNICODE /D UNICODE /Gm /EHsc /RTC1 /MDd /GS /fp:precise /Zc:wchar_t /Zc:forScope /Fo"Debug\\" /Fd"Debug\vc120.pdb" /Gd /TP /analyze- /errorReport:prompt Source.cpp
         Source.cpp
     1>c:\users\black\documents\visual studio 2013\projects\examensdd\listeduble\listeduble\source.cpp(26): warning C4996: 'strcpy': This function or variable may be unsafe. Consider using strcpy_s instead. To disable deprecation, use _CRT_SECURE_NO_WARNINGS. See online help for details.
                 c:\program files (x86)\microsoft visual studio 12.0\vc\include\string.h(112) : see declaration of 'strcpy'
     1>c:\users\black\documents\visual studio 2013\projects\examensdd\listeduble\listeduble\source.cpp(462): warning C4996: 'fscanf': This function or variable may be unsafe. Consider using fscanf_s instead. To disable deprecation, use _CRT_SECURE_NO_WARNINGS. See online help for details.
                 c:\program files (x86)\microsoft visual studio 12.0\vc\include\stdio.h(230) : see declaration of 'fscanf'
     1>c:\users\black\documents\visual studio 2013\projects\examensdd\listeduble\listeduble\source.cpp(464): warning C4996: 'strcpy': This function or variable may be unsafe. Consider using strcpy_s instead. To disable deprecation, use _CRT_SECURE_NO_WARNINGS. See online help for details.
                 c:\program files (x86)\microsoft visual studio 12.0\vc\include\string.h(112) : see declaration of 'strcpy'
     1>c:\users\black\documents\visual studio 2013\projects\examensdd\listeduble\listeduble\source.cpp(465): warning C4996: 'fscanf': This function or variable may be unsafe. Consider using fscanf_s instead. To disable deprecation, use _CRT_SECURE_NO_WARNINGS. See online help for details.
                 c:\program files (x86)\microsoft visual studio 12.0\vc\include\stdio.h(230) : see declaration of 'fscanf'
     1>c:\users\black\documents\visual studio 2013\projects\examensdd\listeduble\listeduble\source.cpp(473): warning C4996: 'scanf': This function or variable may be unsafe. Consider using scanf_s instead. To disable deprecation, use _CRT_SECURE_NO_WARNINGS. See online help for details.
                 c:\program files (x86)\microsoft visual studio 12.0\vc\include\stdio.h(283) : see declaration of 'scanf'
     1>c:\users\black\documents\visual studio 2013\projects\examensdd\listeduble\listeduble\source.cpp(475): warning C4996: 'strcpy': This function or variable may be unsafe. Consider using strcpy_s instead. To disable deprecation, use _CRT_SECURE_NO_WARNINGS. See online help for details.
                 c:\program files (x86)\microsoft visual studio 12.0\vc\include\string.h(112) : see declaration of 'strcpy'
     1>c:\users\black\documents\visual studio 2013\projects\examensdd\listeduble\listeduble\source.cpp(476): warning C4996: 'scanf': This function or variable may be unsafe. Consider using scanf_s instead. To disable deprecation, use _CRT_SECURE_NO_WARNINGS. See online help for details.
                 c:\program files (x86)\microsoft visual studio 12.0\vc\include\stdio.h(283) : see declaration of 'scanf'
     1>c:\users\black\documents\visual studio 2013\projects\examensdd\listeduble\listeduble\source.cpp(524): warning C4996: 'fopen': This function or variable may be unsafe. Consider using fopen_s instead. To disable deprecation, use _CRT_SECURE_NO_WARNINGS. See online help for details.
                 c:\program files (x86)\microsoft visual studio 12.0\vc\include\stdio.h(211) : see declaration of 'fopen'
     1>c:\users\black\documents\visual studio 2013\projects\examensdd\listeduble\listeduble\source.cpp(526): warning C4996: 'fscanf': This function or variable may be unsafe. Consider using fscanf_s instead. To disable deprecation, use _CRT_SECURE_NO_WARNINGS. See online help for details.
                 c:\program files (x86)\microsoft visual studio 12.0\vc\include\stdio.h(230) : see declaration of 'fscanf'
     1>c:\users\black\documents\visual studio 2013\projects\examensdd\listeduble\listeduble\source.cpp(144): warning C4715: 'inserarePozitieCirculara' : not all control paths return a value
     1>c:\users\black\documents\visual studio 2013\projects\examensdd\listeduble\listeduble\source.cpp(199): warning C4715: 'stergereListaCirculara' : not all control paths return a value
     1>c:\users\black\documents\visual studio 2013\projects\examensdd\listeduble\listeduble\source.cpp(337): warning C4715: 'stergereElement' : not all control paths return a value
     1>c:\users\black\documents\visual studio 2013\projects\examensdd\listeduble\listeduble\source.cpp(382): warning C4715: 'stergerePozitie' : not all control paths return a value
       Link:
         C:\Program Files (x86)\Microsoft Visual Studio 12.0\VC\bin\link.exe /ERRORREPORT:PROMPT /OUT:"C:\Users\Black\Documents\Visual Studio 2013\Projects\ExamenSDD\ListeDuble\Debug\ListeDuble.exe" /INCREMENTAL /NOLOGO kernel32.lib user32.lib gdi32.lib winspool.lib comdlg32.lib advapi32.lib shell32.lib ole32.lib oleaut32.lib uuid.lib odbc32.lib odbccp32.lib /MANIFEST /MANIFESTUAC:"level='asInvoker' uiAccess='false'" /manifest:embed /DEBUG /PDB:"C:\Users\Black\Documents\Visual Studio 2013\Projects\ExamenSDD\ListeDuble\Debug\ListeDuble.pdb" /SUBSYSTEM:CONSOLE /TLBID:1 /DYNAMICBASE /NXCOMPAT /IMPLIB:"C:\Users\Black\Documents\Visual Studio 2013\Projects\ExamenSDD\ListeDuble\Debug\ListeDuble.lib" /MACHINE:X86 Debug\Source.obj
         ListeDuble.vcxproj -> C:\Users\Black\Documents\Visual Studio 2013\Projects\ExamenSDD\ListeDuble\Debug\ListeDuble.exe
     1>Done Building Project "C:\Users\Black\Documents\Visual Studio 2013\Projects\ExamenSDD\ListeDuble\ListeDuble\ListeDuble.vcxproj" (Build target(s)).

Build succeeded.

Time Elapsed 00:00:00.64
