  Source.cpp
c:\users\ioana\desktop\an 2\sem 2\sdd\aici_incerc\bilete\heap_cardacces\heap_cardacces\source.cpp(71): warning C4996: 'fscanf': This function or variable may be unsafe. Consider using fscanf_s instead. To disable deprecation, use _CRT_SECURE_NO_WARNINGS. See online help for details.
  c:\program files (x86)\windows kits\10\include\10.0.17763.0\ucrt\stdio.h(1197): note: see declaration of 'fscanf'
c:\users\ioana\desktop\an 2\sem 2\sdd\aici_incerc\bilete\heap_cardacces\heap_cardacces\source.cpp(73): warning C4996: 'fscanf': This function or variable may be unsafe. Consider using fscanf_s instead. To disable deprecation, use _CRT_SECURE_NO_WARNINGS. See online help for details.
  c:\program files (x86)\windows kits\10\include\10.0.17763.0\ucrt\stdio.h(1197): note: see declaration of 'fscanf'
c:\users\ioana\desktop\an 2\sem 2\sdd\aici_incerc\bilete\heap_cardacces\heap_cardacces\source.cpp(75): warning C4996: 'strcpy': This function or variable may be unsafe. Consider using strcpy_s instead. To disable deprecation, use _CRT_SECURE_NO_WARNINGS. See online help for details.
  c:\program files (x86)\windows kits\10\include\10.0.17763.0\ucrt\string.h(133): note: see declaration of 'strcpy'
c:\users\ioana\desktop\an 2\sem 2\sdd\aici_incerc\bilete\heap_cardacces\heap_cardacces\source.cpp(76): warning C4996: 'fscanf': This function or variable may be unsafe. Consider using fscanf_s instead. To disable deprecation, use _CRT_SECURE_NO_WARNINGS. See online help for details.
  c:\program files (x86)\windows kits\10\include\10.0.17763.0\ucrt\stdio.h(1197): note: see declaration of 'fscanf'
c:\users\ioana\desktop\an 2\sem 2\sdd\aici_incerc\bilete\heap_cardacces\heap_cardacces\source.cpp(77): warning C4996: 'fscanf': This function or variable may be unsafe. Consider using fscanf_s instead. To disable deprecation, use _CRT_SECURE_NO_WARNINGS. See online help for details.
  c:\program files (x86)\windows kits\10\include\10.0.17763.0\ucrt\stdio.h(1197): note: see declaration of 'fscanf'
c:\users\ioana\desktop\an 2\sem 2\sdd\aici_incerc\bilete\heap_cardacces\heap_cardacces\source.cpp(78): warning C4996: 'fscanf': This function or variable may be unsafe. Consider using fscanf_s instead. To disable deprecation, use _CRT_SECURE_NO_WARNINGS. See online help for details.
  c:\program files (x86)\windows kits\10\include\10.0.17763.0\ucrt\stdio.h(1197): note: see declaration of 'fscanf'
c:\users\ioana\desktop\an 2\sem 2\sdd\aici_incerc\bilete\heap_cardacces\heap_cardacces\source.cpp(81): warning C4996: 'fscanf': This function or variable may be unsafe. Consider using fscanf_s instead. To disable deprecation, use _CRT_SECURE_NO_WARNINGS. See online help for details.
  c:\program files (x86)\windows kits\10\include\10.0.17763.0\ucrt\stdio.h(1197): note: see declaration of 'fscanf'
c:\users\ioana\desktop\an 2\sem 2\sdd\aici_incerc\bilete\heap_cardacces\heap_cardacces\source.cpp(112): warning C4326: return type of 'main' should be 'int' instead of 'void'
c:\users\ioana\desktop\an 2\sem 2\sdd\aici_incerc\bilete\heap_cardacces\heap_cardacces\source.cpp(117): warning C4996: 'fopen': This function or variable may be unsafe. Consider using fopen_s instead. To disable deprecation, use _CRT_SECURE_NO_WARNINGS. See online help for details.
  c:\program files (x86)\windows kits\10\include\10.0.17763.0\ucrt\stdio.h(208): note: see declaration of 'fopen'
c:\users\ioana\desktop\an 2\sem 2\sdd\aici_incerc\bilete\heap_cardacces\heap_cardacces\source.cpp(120): warning C4996: 'fscanf': This function or variable may be unsafe. Consider using fscanf_s instead. To disable deprecation, use _CRT_SECURE_NO_WARNINGS. See online help for details.
  c:\program files (x86)\windows kits\10\include\10.0.17763.0\ucrt\stdio.h(1197): note: see declaration of 'fscanf'
c:\users\ioana\desktop\an 2\sem 2\sdd\aici_incerc\bilete\heap_cardacces\heap_cardacces\source.cpp(98): warning C4715: 'valTranzactiiCard': not all control paths return a value
c:\users\ioana\desktop\an 2\sem 2\sdd\aici_incerc\bilete\heap_cardacces\heap_cardacces\source.cpp(110): warning C4715: 'extragereSiDebitare': not all control paths return a value
  HEAP_CardAcces.vcxproj -> C:\Users\ioana\Desktop\AN 2\Sem 2\SDD\aici_incerc\bilete\HEAP_CardAcces\Debug\HEAP_CardAcces.exe
