Build started 27.06.2017 21:48:55.
     1>Project "C:\Users\Black\Documents\Visual Studio 2013\Projects\ExamenSDD\ArboreBinar\ArboreBinar\ArboreBinar.vcxproj" on node 2 (Build target(s)).
     1>ClCompile:
         C:\Program Files (x86)\Microsoft Visual Studio 12.0\VC\bin\CL.exe /c /ZI /nologo /W3 /WX- /Od /Oy- /D WIN32 /D _DEBUG /D _CONSOLE /D _LIB /D _UNICODE /D UNICODE /Gm /EHsc /RTC1 /MDd /GS /fp:precise /Zc:wchar_t /Zc:forScope /Fo"Debug\\" /Fd"Debug\vc120.pdb" /Gd /TP /analyze- /errorReport:prompt Source.cpp
         Source.cpp
     1>c:\users\black\documents\visual studio 2013\projects\examensdd\arborebinar\arborebinar\source.cpp(23): warning C4996: 'strcpy': This function or variable may be unsafe. Consider using strcpy_s instead. To disable deprecation, use _CRT_SECURE_NO_WARNINGS. See online help for details.
                 c:\program files (x86)\microsoft visual studio 12.0\vc\include\string.h(112) : see declaration of 'strcpy'
     1>c:\users\black\documents\visual studio 2013\projects\examensdd\arborebinar\arborebinar\source.cpp(30): warning C4996: 'fscanf': This function or variable may be unsafe. Consider using fscanf_s instead. To disable deprecation, use _CRT_SECURE_NO_WARNINGS. See online help for details.
                 c:\program files (x86)\microsoft visual studio 12.0\vc\include\stdio.h(230) : see declaration of 'fscanf'
     1>c:\users\black\documents\visual studio 2013\projects\examensdd\arborebinar\arborebinar\source.cpp(32): warning C4996: 'fscanf': This function or variable may be unsafe. Consider using fscanf_s instead. To disable deprecation, use _CRT_SECURE_NO_WARNINGS. See online help for details.
                 c:\program files (x86)\microsoft visual studio 12.0\vc\include\stdio.h(230) : see declaration of 'fscanf'
     1>c:\users\black\documents\visual studio 2013\projects\examensdd\arborebinar\arborebinar\source.cpp(34): warning C4996: 'strcpy': This function or variable may be unsafe. Consider using strcpy_s instead. To disable deprecation, use _CRT_SECURE_NO_WARNINGS. See online help for details.
                 c:\program files (x86)\microsoft visual studio 12.0\vc\include\string.h(112) : see declaration of 'strcpy'
     1>c:\users\black\documents\visual studio 2013\projects\examensdd\arborebinar\arborebinar\source.cpp(35): warning C4996: 'fscanf': This function or variable may be unsafe. Consider using fscanf_s instead. To disable deprecation, use _CRT_SECURE_NO_WARNINGS. See online help for details.
                 c:\program files (x86)\microsoft visual studio 12.0\vc\include\stdio.h(230) : see declaration of 'fscanf'
     1>c:\users\black\documents\visual studio 2013\projects\examensdd\arborebinar\arborebinar\source.cpp(240): warning C4996: 'strcpy': This function or variable may be unsafe. Consider using strcpy_s instead. To disable deprecation, use _CRT_SECURE_NO_WARNINGS. See online help for details.
                 c:\program files (x86)\microsoft visual studio 12.0\vc\include\string.h(112) : see declaration of 'strcpy'
     1>c:\users\black\documents\visual studio 2013\projects\examensdd\arborebinar\arborebinar\source.cpp(395): warning C4996: 'fopen': This function or variable may be unsafe. Consider using fopen_s instead. To disable deprecation, use _CRT_SECURE_NO_WARNINGS. See online help for details.
                 c:\program files (x86)\microsoft visual studio 12.0\vc\include\stdio.h(211) : see declaration of 'fopen'
     1>c:\users\black\documents\visual studio 2013\projects\examensdd\arborebinar\arborebinar\source.cpp(397): warning C4996: 'fscanf': This function or variable may be unsafe. Consider using fscanf_s instead. To disable deprecation, use _CRT_SECURE_NO_WARNINGS. See online help for details.
                 c:\program files (x86)\microsoft visual studio 12.0\vc\include\stdio.h(230) : see declaration of 'fscanf'
     1>c:\users\black\documents\visual studio 2013\projects\examensdd\arborebinar\arborebinar\source.cpp(131): warning C4715: 'minimDreapta' : not all control paths return a value
       Link:
         C:\Program Files (x86)\Microsoft Visual Studio 12.0\VC\bin\link.exe /ERRORREPORT:PROMPT /OUT:"C:\Users\Black\Documents\Visual Studio 2013\Projects\ExamenSDD\ArboreBinar\Debug\ArboreBinar.exe" /INCREMENTAL /NOLOGO kernel32.lib user32.lib gdi32.lib winspool.lib comdlg32.lib advapi32.lib shell32.lib ole32.lib oleaut32.lib uuid.lib odbc32.lib odbccp32.lib /MANIFEST /MANIFESTUAC:"level='asInvoker' uiAccess='false'" /manifest:embed /DEBUG /PDB:"C:\Users\Black\Documents\Visual Studio 2013\Projects\ExamenSDD\ArboreBinar\Debug\ArboreBinar.pdb" /SUBSYSTEM:CONSOLE /TLBID:1 /DYNAMICBASE /NXCOMPAT /IMPLIB:"C:\Users\Black\Documents\Visual Studio 2013\Projects\ExamenSDD\ArboreBinar\Debug\ArboreBinar.lib" /MACHINE:X86 Debug\Source.obj
         ArboreBinar.vcxproj -> C:\Users\Black\Documents\Visual Studio 2013\Projects\ExamenSDD\ArboreBinar\Debug\ArboreBinar.exe
     1>Done Building Project "C:\Users\Black\Documents\Visual Studio 2013\Projects\ExamenSDD\ArboreBinar\ArboreBinar\ArboreBinar.vcxproj" (Build target(s)).

Build succeeded.

Time Elapsed 00:00:00.77
